<?xml version="1.0" encoding="UTF-8"?>
<testsuites>
    <testsuite name="signin-on-the-vutura-website;user-success-login-to-website" tests="5" failures="0" skipped="0">
        <properties>
            <property name="URI" value="D:\PROGRAMING\selenium\selenium\features\signin.feature">
            </property>
        </properties>
        <testcase name="Given Browse signin page" classname="signin-on-the-vutura-website;user-success-login-to-website" time="0.0005642">
        </testcase>
        <testcase name="And User fill email" classname="signin-on-the-vutura-website;user-success-login-to-website" time="0.0001802">
        </testcase>
        <testcase name="And User fill password" classname="signin-on-the-vutura-website;user-success-login-to-website" time="0.0002962">
        </testcase>
        <testcase name="When User click masuk button" classname="signin-on-the-vutura-website;user-success-login-to-website" time="0.0001908">
        </testcase>
        <testcase name="Then User in dashboard page" classname="signin-on-the-vutura-website;user-success-login-to-website" time="8.0071371">
        </testcase>
    </testsuite>
</testsuites>