<?xml version="1.0" encoding="UTF-8"?>
<testsuites>
    <testsuite name="checkin8;admin-akan-menginput-data-customer-yang-akan-atau-sedang-checkin" tests="13" failures="0" skipped="0">
        <properties>
            <property name="URI" value="D:\PROGRAMING\selenium\selenium\features\checkin8.feature">
            </property>
        </properties>
        <testcase name="Given Browse login page" classname="checkin8;admin-akan-menginput-data-customer-yang-akan-atau-sedang-checkin" time="0.0006996">
        </testcase>
        <testcase name="And Admin fill Username" classname="checkin8;admin-akan-menginput-data-customer-yang-akan-atau-sedang-checkin" time="0.0002528">
        </testcase>
        <testcase name="And Admin fill Password" classname="checkin8;admin-akan-menginput-data-customer-yang-akan-atau-sedang-checkin" time="0.0003164">
        </testcase>
        <testcase name="When Admin click button Login" classname="checkin8;admin-akan-menginput-data-customer-yang-akan-atau-sedang-checkin" time="0.0002664">
        </testcase>
        <testcase name="Then Admin berada di halaman Home" classname="checkin8;admin-akan-menginput-data-customer-yang-akan-atau-sedang-checkin" time="0.0001883">
        </testcase>
        <testcase name="And Admin click Check In Case 8" classname="checkin8;admin-akan-menginput-data-customer-yang-akan-atau-sedang-checkin" time="0.000135">
        </testcase>
        <testcase name="And Admin fill Nama Lengkap Case 8" classname="checkin8;admin-akan-menginput-data-customer-yang-akan-atau-sedang-checkin" time="0.0002837">
        </testcase>
        <testcase name="And Admin fill NIK Case 8" classname="checkin8;admin-akan-menginput-data-customer-yang-akan-atau-sedang-checkin" time="0.0001478">
        </testcase>
        <testcase name="And Admin select Pilih kamar Case 8" classname="checkin8;admin-akan-menginput-data-customer-yang-akan-atau-sedang-checkin" time="0.0001783">
        </testcase>
        <testcase name="And Admin select fasilitas Case 8" classname="checkin8;admin-akan-menginput-data-customer-yang-akan-atau-sedang-checkin" time="0.0001251">
        </testcase>
        <testcase name="And Admin click button Check In Case 8" classname="checkin8;admin-akan-menginput-data-customer-yang-akan-atau-sedang-checkin" time="0.0004798">
        </testcase>
        <testcase name="When Admin click button Submit Check In Case 8" classname="checkin8;admin-akan-menginput-data-customer-yang-akan-atau-sedang-checkin" time="0.000195">
        </testcase>
        <testcase name="Then Admin berada di halaman Home lagi Case 8" classname="checkin8;admin-akan-menginput-data-customer-yang-akan-atau-sedang-checkin" time="0.0001585">
        </testcase>
    </testsuite>
</testsuites>